c:\dev\code\c++\yeastem\yeastem\dependancies\lua\lib\x64\debug\lua.pdb
c:\dev\code\c++\yeastem\yeastem\dependancies\lua\bin-int\debug\lopcodes.obj
c:\dev\code\c++\yeastem\yeastem\dependancies\lua\bin-int\debug\lobject.obj
c:\dev\code\c++\yeastem\yeastem\dependancies\lua\bin-int\debug\loadlib.obj
c:\dev\code\c++\yeastem\yeastem\dependancies\lua\bin-int\debug\lmem.obj
c:\dev\code\c++\yeastem\yeastem\dependancies\lua\bin-int\debug\lmathlib.obj
c:\dev\code\c++\yeastem\yeastem\dependancies\lua\bin-int\debug\llex.obj
c:\dev\code\c++\yeastem\yeastem\dependancies\lua\bin-int\debug\liolib.obj
c:\dev\code\c++\yeastem\yeastem\dependancies\lua\bin-int\debug\linit.obj
c:\dev\code\c++\yeastem\yeastem\dependancies\lua\bin-int\debug\lgc.obj
c:\dev\code\c++\yeastem\yeastem\dependancies\lua\bin-int\debug\lfunc.obj
c:\dev\code\c++\yeastem\yeastem\dependancies\lua\bin-int\debug\ldump.obj
c:\dev\code\c++\yeastem\yeastem\dependancies\lua\bin-int\debug\ldo.obj
c:\dev\code\c++\yeastem\yeastem\dependancies\lua\bin-int\debug\ldebug.obj
c:\dev\code\c++\yeastem\yeastem\dependancies\lua\bin-int\debug\ldblib.obj
c:\dev\code\c++\yeastem\yeastem\dependancies\lua\bin-int\debug\lctype.obj
c:\dev\code\c++\yeastem\yeastem\dependancies\lua\bin-int\debug\lcorolib.obj
c:\dev\code\c++\yeastem\yeastem\dependancies\lua\bin-int\debug\lcode.obj
c:\dev\code\c++\yeastem\yeastem\dependancies\lua\bin-int\debug\lbaselib.obj
c:\dev\code\c++\yeastem\yeastem\dependancies\lua\bin-int\debug\lauxlib.obj
c:\dev\code\c++\yeastem\yeastem\dependancies\lua\bin-int\debug\lapi.obj
c:\dev\code\c++\yeastem\yeastem\dependancies\lua\bin-int\debug\lzio.obj
c:\dev\code\c++\yeastem\yeastem\dependancies\lua\bin-int\debug\lvm.obj
c:\dev\code\c++\yeastem\yeastem\dependancies\lua\bin-int\debug\lutf8lib.obj
c:\dev\code\c++\yeastem\yeastem\dependancies\lua\bin-int\debug\lundump.obj
c:\dev\code\c++\yeastem\yeastem\dependancies\lua\bin-int\debug\ltm.obj
c:\dev\code\c++\yeastem\yeastem\dependancies\lua\bin-int\debug\ltablib.obj
c:\dev\code\c++\yeastem\yeastem\dependancies\lua\bin-int\debug\ltable.obj
c:\dev\code\c++\yeastem\yeastem\dependancies\lua\bin-int\debug\lstrlib.obj
c:\dev\code\c++\yeastem\yeastem\dependancies\lua\bin-int\debug\lstring.obj
c:\dev\code\c++\yeastem\yeastem\dependancies\lua\bin-int\debug\lstate.obj
c:\dev\code\c++\yeastem\yeastem\dependancies\lua\bin-int\debug\lparser.obj
c:\dev\code\c++\yeastem\yeastem\dependancies\lua\bin-int\debug\loslib.obj
c:\dev\code\c++\yeastem\yeastem\dependancies\lua\lib\x64\debug\lua.lib
c:\dev\code\c++\yeastem\yeastem\dependancies\lua\bin-int\debug\lua.tlog\cl.command.1.tlog
c:\dev\code\c++\yeastem\yeastem\dependancies\lua\bin-int\debug\lua.tlog\cl.items.tlog
c:\dev\code\c++\yeastem\yeastem\dependancies\lua\bin-int\debug\lua.tlog\cl.read.1.tlog
c:\dev\code\c++\yeastem\yeastem\dependancies\lua\bin-int\debug\lua.tlog\cl.write.1.tlog
c:\dev\code\c++\yeastem\yeastem\dependancies\lua\bin-int\debug\lua.tlog\lib-link.read.1.tlog
c:\dev\code\c++\yeastem\yeastem\dependancies\lua\bin-int\debug\lua.tlog\lib-link.write.1.tlog
c:\dev\code\c++\yeastem\yeastem\dependancies\lua\bin-int\debug\lua.tlog\lib.command.1.tlog
