c:\dev\yeastem\yeastem\yeastem\dependancies\lua\bin-int\release-windows-x86_64\lua\lua.pdb
c:\dev\yeastem\yeastem\yeastem\dependancies\lua\bin-int\release-windows-x86_64\lua\lopcodes.obj
c:\dev\yeastem\yeastem\yeastem\dependancies\lua\bin-int\release-windows-x86_64\lua\lobject.obj
c:\dev\yeastem\yeastem\yeastem\dependancies\lua\bin-int\release-windows-x86_64\lua\loadlib.obj
c:\dev\yeastem\yeastem\yeastem\dependancies\lua\bin-int\release-windows-x86_64\lua\lmem.obj
c:\dev\yeastem\yeastem\yeastem\dependancies\lua\bin-int\release-windows-x86_64\lua\lmathlib.obj
c:\dev\yeastem\yeastem\yeastem\dependancies\lua\bin-int\release-windows-x86_64\lua\llex.obj
c:\dev\yeastem\yeastem\yeastem\dependancies\lua\bin-int\release-windows-x86_64\lua\liolib.obj
c:\dev\yeastem\yeastem\yeastem\dependancies\lua\bin-int\release-windows-x86_64\lua\linit.obj
c:\dev\yeastem\yeastem\yeastem\dependancies\lua\bin-int\release-windows-x86_64\lua\lgc.obj
c:\dev\yeastem\yeastem\yeastem\dependancies\lua\bin-int\release-windows-x86_64\lua\lfunc.obj
c:\dev\yeastem\yeastem\yeastem\dependancies\lua\bin-int\release-windows-x86_64\lua\ldump.obj
c:\dev\yeastem\yeastem\yeastem\dependancies\lua\bin-int\release-windows-x86_64\lua\ldo.obj
c:\dev\yeastem\yeastem\yeastem\dependancies\lua\bin-int\release-windows-x86_64\lua\ldebug.obj
c:\dev\yeastem\yeastem\yeastem\dependancies\lua\bin-int\release-windows-x86_64\lua\ldblib.obj
c:\dev\yeastem\yeastem\yeastem\dependancies\lua\bin-int\release-windows-x86_64\lua\lctype.obj
c:\dev\yeastem\yeastem\yeastem\dependancies\lua\bin-int\release-windows-x86_64\lua\lcorolib.obj
c:\dev\yeastem\yeastem\yeastem\dependancies\lua\bin-int\release-windows-x86_64\lua\lcode.obj
c:\dev\yeastem\yeastem\yeastem\dependancies\lua\bin-int\release-windows-x86_64\lua\lbaselib.obj
c:\dev\yeastem\yeastem\yeastem\dependancies\lua\bin-int\release-windows-x86_64\lua\lauxlib.obj
c:\dev\yeastem\yeastem\yeastem\dependancies\lua\bin-int\release-windows-x86_64\lua\lapi.obj
c:\dev\yeastem\yeastem\yeastem\dependancies\lua\bin-int\release-windows-x86_64\lua\lzio.obj
c:\dev\yeastem\yeastem\yeastem\dependancies\lua\bin-int\release-windows-x86_64\lua\lvm.obj
c:\dev\yeastem\yeastem\yeastem\dependancies\lua\bin-int\release-windows-x86_64\lua\lutf8lib.obj
c:\dev\yeastem\yeastem\yeastem\dependancies\lua\bin-int\release-windows-x86_64\lua\lundump.obj
c:\dev\yeastem\yeastem\yeastem\dependancies\lua\bin-int\release-windows-x86_64\lua\lua.obj
c:\dev\yeastem\yeastem\yeastem\dependancies\lua\bin-int\release-windows-x86_64\lua\ltm.obj
c:\dev\yeastem\yeastem\yeastem\dependancies\lua\bin-int\release-windows-x86_64\lua\ltablib.obj
c:\dev\yeastem\yeastem\yeastem\dependancies\lua\bin-int\release-windows-x86_64\lua\ltable.obj
c:\dev\yeastem\yeastem\yeastem\dependancies\lua\bin-int\release-windows-x86_64\lua\lstrlib.obj
c:\dev\yeastem\yeastem\yeastem\dependancies\lua\bin-int\release-windows-x86_64\lua\lstring.obj
c:\dev\yeastem\yeastem\yeastem\dependancies\lua\bin-int\release-windows-x86_64\lua\lstate.obj
c:\dev\yeastem\yeastem\yeastem\dependancies\lua\bin-int\release-windows-x86_64\lua\lparser.obj
c:\dev\yeastem\yeastem\yeastem\dependancies\lua\bin-int\release-windows-x86_64\lua\loslib.obj
c:\dev\yeastem\yeastem\yeastem\dependancies\lua\lib\x64\lua.lib
c:\dev\yeastem\yeastem\yeastem\dependancies\lua\lua\..\lib\x64\lua.lib
c:\dev\yeastem\yeastem\yeastem\dependancies\lua\bin-int\release-windows-x86_64\lua\lua.tlog\cl.command.1.tlog
c:\dev\yeastem\yeastem\yeastem\dependancies\lua\bin-int\release-windows-x86_64\lua\lua.tlog\cl.read.1.tlog
c:\dev\yeastem\yeastem\yeastem\dependancies\lua\bin-int\release-windows-x86_64\lua\lua.tlog\cl.write.1.tlog
c:\dev\yeastem\yeastem\yeastem\dependancies\lua\bin-int\release-windows-x86_64\lua\lua.tlog\lib-link.read.1.tlog
c:\dev\yeastem\yeastem\yeastem\dependancies\lua\bin-int\release-windows-x86_64\lua\lua.tlog\lib-link.write.1.tlog
c:\dev\yeastem\yeastem\yeastem\dependancies\lua\bin-int\release-windows-x86_64\lua\lua.tlog\lib.command.1.tlog
