c:\dev\code\c++\yeastem\yeastem\dependancies\lua\lib\x64\release\lua.pdb
c:\dev\code\c++\yeastem\yeastem\dependancies\lua\bin-int\release\lopcodes.obj
c:\dev\code\c++\yeastem\yeastem\dependancies\lua\bin-int\release\lobject.obj
c:\dev\code\c++\yeastem\yeastem\dependancies\lua\bin-int\release\loadlib.obj
c:\dev\code\c++\yeastem\yeastem\dependancies\lua\bin-int\release\lmem.obj
c:\dev\code\c++\yeastem\yeastem\dependancies\lua\bin-int\release\lmathlib.obj
c:\dev\code\c++\yeastem\yeastem\dependancies\lua\bin-int\release\llex.obj
c:\dev\code\c++\yeastem\yeastem\dependancies\lua\bin-int\release\liolib.obj
c:\dev\code\c++\yeastem\yeastem\dependancies\lua\bin-int\release\linit.obj
c:\dev\code\c++\yeastem\yeastem\dependancies\lua\bin-int\release\lgc.obj
c:\dev\code\c++\yeastem\yeastem\dependancies\lua\bin-int\release\lfunc.obj
c:\dev\code\c++\yeastem\yeastem\dependancies\lua\bin-int\release\ldump.obj
c:\dev\code\c++\yeastem\yeastem\dependancies\lua\bin-int\release\ldo.obj
c:\dev\code\c++\yeastem\yeastem\dependancies\lua\bin-int\release\ldebug.obj
c:\dev\code\c++\yeastem\yeastem\dependancies\lua\bin-int\release\ldblib.obj
c:\dev\code\c++\yeastem\yeastem\dependancies\lua\bin-int\release\lctype.obj
c:\dev\code\c++\yeastem\yeastem\dependancies\lua\bin-int\release\lcorolib.obj
c:\dev\code\c++\yeastem\yeastem\dependancies\lua\bin-int\release\lcode.obj
c:\dev\code\c++\yeastem\yeastem\dependancies\lua\bin-int\release\lbaselib.obj
c:\dev\code\c++\yeastem\yeastem\dependancies\lua\bin-int\release\lauxlib.obj
c:\dev\code\c++\yeastem\yeastem\dependancies\lua\bin-int\release\lapi.obj
c:\dev\code\c++\yeastem\yeastem\dependancies\lua\bin-int\release\lzio.obj
c:\dev\code\c++\yeastem\yeastem\dependancies\lua\bin-int\release\lvm.obj
c:\dev\code\c++\yeastem\yeastem\dependancies\lua\bin-int\release\lutf8lib.obj
c:\dev\code\c++\yeastem\yeastem\dependancies\lua\bin-int\release\lundump.obj
c:\dev\code\c++\yeastem\yeastem\dependancies\lua\bin-int\release\ltm.obj
c:\dev\code\c++\yeastem\yeastem\dependancies\lua\bin-int\release\ltablib.obj
c:\dev\code\c++\yeastem\yeastem\dependancies\lua\bin-int\release\ltable.obj
c:\dev\code\c++\yeastem\yeastem\dependancies\lua\bin-int\release\lstrlib.obj
c:\dev\code\c++\yeastem\yeastem\dependancies\lua\bin-int\release\lstring.obj
c:\dev\code\c++\yeastem\yeastem\dependancies\lua\bin-int\release\lstate.obj
c:\dev\code\c++\yeastem\yeastem\dependancies\lua\bin-int\release\lparser.obj
c:\dev\code\c++\yeastem\yeastem\dependancies\lua\bin-int\release\loslib.obj
c:\dev\code\c++\yeastem\yeastem\dependancies\lua\lib\x64\release\lua.lib
c:\dev\code\c++\yeastem\yeastem\dependancies\lua\bin-int\release\lua.pdb
c:\dev\code\c++\yeastem\yeastem\dependancies\lua\bin-int\release\lua.tlog\cl.command.1.tlog
c:\dev\code\c++\yeastem\yeastem\dependancies\lua\bin-int\release\lua.tlog\cl.items.tlog
c:\dev\code\c++\yeastem\yeastem\dependancies\lua\bin-int\release\lua.tlog\cl.read.1.tlog
c:\dev\code\c++\yeastem\yeastem\dependancies\lua\bin-int\release\lua.tlog\cl.write.1.tlog
c:\dev\code\c++\yeastem\yeastem\dependancies\lua\bin-int\release\lua.tlog\lib-link.read.1.tlog
c:\dev\code\c++\yeastem\yeastem\dependancies\lua\bin-int\release\lua.tlog\lib-link.write.1.tlog
c:\dev\code\c++\yeastem\yeastem\dependancies\lua\bin-int\release\lua.tlog\lib.command.1.tlog
