c:\dev\code\c++\yeastem\yeastem\dependancies\lua\lib\x64\dist\lua.pdb
c:\dev\code\c++\yeastem\yeastem\dependancies\lua\bin-int\dist\lopcodes.obj
c:\dev\code\c++\yeastem\yeastem\dependancies\lua\bin-int\dist\lobject.obj
c:\dev\code\c++\yeastem\yeastem\dependancies\lua\bin-int\dist\loadlib.obj
c:\dev\code\c++\yeastem\yeastem\dependancies\lua\bin-int\dist\lmem.obj
c:\dev\code\c++\yeastem\yeastem\dependancies\lua\bin-int\dist\lmathlib.obj
c:\dev\code\c++\yeastem\yeastem\dependancies\lua\bin-int\dist\llex.obj
c:\dev\code\c++\yeastem\yeastem\dependancies\lua\bin-int\dist\liolib.obj
c:\dev\code\c++\yeastem\yeastem\dependancies\lua\bin-int\dist\linit.obj
c:\dev\code\c++\yeastem\yeastem\dependancies\lua\bin-int\dist\lgc.obj
c:\dev\code\c++\yeastem\yeastem\dependancies\lua\bin-int\dist\lfunc.obj
c:\dev\code\c++\yeastem\yeastem\dependancies\lua\bin-int\dist\ldump.obj
c:\dev\code\c++\yeastem\yeastem\dependancies\lua\bin-int\dist\ldo.obj
c:\dev\code\c++\yeastem\yeastem\dependancies\lua\bin-int\dist\ldebug.obj
c:\dev\code\c++\yeastem\yeastem\dependancies\lua\bin-int\dist\ldblib.obj
c:\dev\code\c++\yeastem\yeastem\dependancies\lua\bin-int\dist\lctype.obj
c:\dev\code\c++\yeastem\yeastem\dependancies\lua\bin-int\dist\lcorolib.obj
c:\dev\code\c++\yeastem\yeastem\dependancies\lua\bin-int\dist\lcode.obj
c:\dev\code\c++\yeastem\yeastem\dependancies\lua\bin-int\dist\lbaselib.obj
c:\dev\code\c++\yeastem\yeastem\dependancies\lua\bin-int\dist\lauxlib.obj
c:\dev\code\c++\yeastem\yeastem\dependancies\lua\bin-int\dist\lapi.obj
c:\dev\code\c++\yeastem\yeastem\dependancies\lua\bin-int\dist\lzio.obj
c:\dev\code\c++\yeastem\yeastem\dependancies\lua\bin-int\dist\lvm.obj
c:\dev\code\c++\yeastem\yeastem\dependancies\lua\bin-int\dist\lutf8lib.obj
c:\dev\code\c++\yeastem\yeastem\dependancies\lua\bin-int\dist\lundump.obj
c:\dev\code\c++\yeastem\yeastem\dependancies\lua\bin-int\dist\ltm.obj
c:\dev\code\c++\yeastem\yeastem\dependancies\lua\bin-int\dist\ltablib.obj
c:\dev\code\c++\yeastem\yeastem\dependancies\lua\bin-int\dist\ltable.obj
c:\dev\code\c++\yeastem\yeastem\dependancies\lua\bin-int\dist\lstrlib.obj
c:\dev\code\c++\yeastem\yeastem\dependancies\lua\bin-int\dist\lstring.obj
c:\dev\code\c++\yeastem\yeastem\dependancies\lua\bin-int\dist\lstate.obj
c:\dev\code\c++\yeastem\yeastem\dependancies\lua\bin-int\dist\lparser.obj
c:\dev\code\c++\yeastem\yeastem\dependancies\lua\bin-int\dist\loslib.obj
c:\dev\code\c++\yeastem\yeastem\dependancies\lua\lib\x64\dist\lua.lib
c:\dev\code\c++\yeastem\yeastem\dependancies\lua\bin-int\dist\lua.pdb
c:\dev\code\c++\yeastem\yeastem\dependancies\lua\bin-int\dist\lua.tlog\cl.command.1.tlog
c:\dev\code\c++\yeastem\yeastem\dependancies\lua\bin-int\dist\lua.tlog\cl.items.tlog
c:\dev\code\c++\yeastem\yeastem\dependancies\lua\bin-int\dist\lua.tlog\cl.read.1.tlog
c:\dev\code\c++\yeastem\yeastem\dependancies\lua\bin-int\dist\lua.tlog\cl.write.1.tlog
c:\dev\code\c++\yeastem\yeastem\dependancies\lua\bin-int\dist\lua.tlog\lib-link.read.1.tlog
c:\dev\code\c++\yeastem\yeastem\dependancies\lua\bin-int\dist\lua.tlog\lib-link.write.1.tlog
c:\dev\code\c++\yeastem\yeastem\dependancies\lua\bin-int\dist\lua.tlog\lib.command.1.tlog
