c:\dev\code\c++\yeastem\yeastem\bin-int\release-windows-x86_64\yeastem editor\yeastem editor.pch
c:\dev\code\c++\yeastem\yeastem\bin-int\release-windows-x86_64\yeastem editor\vc143.pdb
c:\dev\code\c++\yeastem\yeastem\bin-int\release-windows-x86_64\yeastem editor\yst_pch.obj
c:\dev\code\c++\yeastem\yeastem\bin-int\release-windows-x86_64\yeastem editor\point.obj
c:\dev\code\c++\yeastem\yeastem\bin-int\release-windows-x86_64\yeastem editor\luastate.obj
c:\dev\code\c++\yeastem\yeastem\bin-int\release-windows-x86_64\yeastem editor\filereading.obj
c:\dev\code\c++\yeastem\yeastem\bin-int\release-windows-x86_64\yeastem editor\main.obj
c:\dev\code\c++\yeastem\yeastem\bin-int\release-windows-x86_64\yeastem editor\texture.obj
c:\dev\code\c++\yeastem\yeastem\bin-int\release-windows-x86_64\yeastem editor\shader.obj
c:\dev\code\c++\yeastem\yeastem\bin-int\release-windows-x86_64\yeastem editor\rendererapi.obj
c:\dev\code\c++\yeastem\yeastem\bin-int\release-windows-x86_64\yeastem editor\vertexbuffer.obj
c:\dev\code\c++\yeastem\yeastem\bin-int\release-windows-x86_64\yeastem editor\vertexarray.obj
c:\dev\code\c++\yeastem\yeastem\bin-int\release-windows-x86_64\yeastem editor\indexbuffer.obj
c:\dev\code\c++\yeastem\yeastem\bin-int\release-windows-x86_64\yeastem editor\imguiapi.obj
c:\dev\code\c++\yeastem\yeastem\bin-int\release-windows-x86_64\yeastem editor\application.obj
c:\dev\code\c++\yeastem\yeastem\bin-int\release-windows-x86_64\yeastem editor\vector2.obj
c:\dev\code\c++\yeastem\yeastem\bin\release-windows-x86_64\yeastem editor\yeastem editor.exe
c:\dev\code\c++\yeastem\yeastem\bin\release-windows-x86_64\yeastem editor\yeastem editor.pdb
c:\dev\code\c++\yeastem\yeastem\bin-int\release-windows-x86_64\yeastem editor\yeastem editor.vcxproj.filelistabsolute.txt
c:\dev\code\c++\yeastem\yeastem\bin-int\release-windows-x86_64\yeastem editor\yeastem editor.tlog\cl.command.1.tlog
c:\dev\code\c++\yeastem\yeastem\bin-int\release-windows-x86_64\yeastem editor\yeastem editor.tlog\cl.items.tlog
c:\dev\code\c++\yeastem\yeastem\bin-int\release-windows-x86_64\yeastem editor\yeastem editor.tlog\cl.read.1.tlog
c:\dev\code\c++\yeastem\yeastem\bin-int\release-windows-x86_64\yeastem editor\yeastem editor.tlog\cl.write.1.tlog
c:\dev\code\c++\yeastem\yeastem\bin-int\release-windows-x86_64\yeastem editor\yeastem editor.tlog\link.command.1.tlog
c:\dev\code\c++\yeastem\yeastem\bin-int\release-windows-x86_64\yeastem editor\yeastem editor.tlog\link.read.1.tlog
c:\dev\code\c++\yeastem\yeastem\bin-int\release-windows-x86_64\yeastem editor\yeastem editor.tlog\link.write.1.tlog
